<?xml version="1.0" encoding="UTF-8"?>
<!-- Generated by org.testng.reporters.JUnitReportReporter -->
<testsuite hostname="DESKTOP-QURQQ0V" failures="0" tests="1" name="nPRICED_IN_main.CreateRequest_IN" time="111.726" errors="0" timestamp="2020-03-30T12:00:32 IST" skipped="0">
  <testcase classname="nPRICED_IN_main.CreateRequest_IN" name="RIPC_Login" time="111.726"/>
</testsuite> <!-- nPRICED_IN_main.CreateRequest_IN -->
