<?xml version="1.0" encoding="UTF-8"?>
<!-- Generated by org.testng.reporters.JUnitReportReporter -->
<testsuite hostname="DESKTOP-QURQQ0V" failures="0" tests="1" name="nPRICED_IN_main.SB_AllActions_IN" time="57.844" errors="0" timestamp="2020-03-30T15:39:13 IST" skipped="0">
  <testcase classname="nPRICED_IN_main.SB_AllActions_IN" name="SB_auth" time="57.844"/>
</testsuite> <!-- nPRICED_IN_main.SB_AllActions_IN -->
