<?xml version="1.0" encoding="UTF-8"?>
<!-- Generated by org.testng.reporters.JUnitReportReporter -->
<testsuite hostname="DESKTOP-QURQQ0V" failures="0" tests="1" name="nPRICED_US_main.SB_AllActions" time="60.643" errors="0" timestamp="2020-03-30T15:33:58 IST" skipped="0">
  <testcase classname="nPRICED_US_main.SB_AllActions" name="SB_auth" time="60.643"/>
</testsuite> <!-- nPRICED_US_main.SB_AllActions -->
