<?xml version="1.0" encoding="UTF-8"?>
<!-- Generated by org.testng.reporters.JUnitReportReporter -->
<testsuite hostname="DESKTOP-QURQQ0V" failures="0" tests="2" name="nPRICED_GB_main.CRB_Auth_GB" time="56.318" errors="0" timestamp="2020-03-30T13:15:01 IST" skipped="0">
  <testcase classname="nPRICED_GB_main.CRB_Auth_GB" name="CRB_Wlcmpage" time="9.764"/>
  <testcase classname="nPRICED_GB_main.CRB_Auth_GB" name="CRB_auth" time="46.554"/>
</testsuite> <!-- nPRICED_GB_main.CRB_Auth_GB -->
