<?xml version="1.0" encoding="UTF-8"?>
<!-- Generated by org.testng.reporters.JUnitReportReporter -->
<testsuite hostname="DESKTOP-QURQQ0V" failures="0" tests="2" name="nPRICED_GB_main.FinalizeResponse_GB" time="99.042" errors="0" timestamp="2020-03-30T12:36:55 IST" skipped="0">
  <testcase classname="nPRICED_GB_main.FinalizeResponse_GB" name="Login" time="51.535"/>
  <testcase classname="nPRICED_GB_main.FinalizeResponse_GB" name="Finalize" time="47.507"/>
</testsuite> <!-- nPRICED_GB_main.FinalizeResponse_GB -->
