<?xml version="1.0" encoding="UTF-8"?>
<!-- Generated by org.testng.reporters.JUnitReportReporter -->
<testsuite hostname="DESKTOP-QURQQ0V" failures="0" tests="2" name="nPRICED_US_main.CRB_Auth" time="55.403" errors="0" timestamp="2020-03-30T15:59:15 IST" skipped="0">
  <testcase classname="nPRICED_US_main.CRB_Auth" name="CRB_login" time="9.513"/>
  <testcase classname="nPRICED_US_main.CRB_Auth" name="CRB_auth" time="45.890"/>
</testsuite> <!-- nPRICED_US_main.CRB_Auth -->
