<?xml version="1.0" encoding="UTF-8"?>
<!-- Generated by org.testng.reporters.JUnitReportReporter -->
<testsuite hostname="DESKTOP-QURQQ0V" failures="0" tests="2" name="nPRICED_US_main.PO_Authorization" time="88.179" errors="0" timestamp="2020-03-30T16:17:02 IST" skipped="0">
  <testcase classname="nPRICED_US_main.PO_Authorization" name="PO_Login" time="9.040"/>
  <testcase classname="nPRICED_US_main.PO_Authorization" name="authorize_PO" time="79.139"/>
</testsuite> <!-- nPRICED_US_main.PO_Authorization -->
