<?xml version="1.0" encoding="UTF-8"?>
<!-- Generated by org.testng.reporters.JUnitReportReporter -->
<testsuite hostname="DESKTOP-QURQQ0V" failures="0" tests="2" name="nPRICED_US_main.FinalizeResponse" time="79.634" errors="0" timestamp="2020-03-30T15:00:48 IST" skipped="0">
  <testcase classname="nPRICED_US_main.FinalizeResponse" name="login" time="46.544"/>
  <testcase classname="nPRICED_US_main.FinalizeResponse" name="Finalize" time="33.090"/>
</testsuite> <!-- nPRICED_US_main.FinalizeResponse -->
