<?xml version="1.0" encoding="UTF-8"?>
<!-- Generated by org.testng.reporters.JUnitReportReporter -->
<testsuite hostname="DESKTOP-QURQQ0V" failures="0" tests="2" name="nPRICED_IN_main.PO_Authorization_IN" time="57.986" errors="0" timestamp="2020-03-30T16:18:58 IST" skipped="0">
  <testcase classname="nPRICED_IN_main.PO_Authorization_IN" name="PO_Login" time="8.485"/>
  <testcase classname="nPRICED_IN_main.PO_Authorization_IN" name="authorize_PO" time="49.501"/>
</testsuite> <!-- nPRICED_IN_main.PO_Authorization_IN -->
