<?xml version="1.0" encoding="UTF-8"?>
<!-- Generated by org.testng.reporters.JUnitReportReporter -->
<testsuite hostname="DESKTOP-QURQQ0V" failures="0" tests="2" name="nPRICED_IN_main.CRB_AuthIN" time="74.791" errors="0" timestamp="2020-03-30T16:00:59 IST" skipped="0">
  <testcase classname="nPRICED_IN_main.CRB_AuthIN" name="CRB_Wlcmpage" time="13.153"/>
  <testcase classname="nPRICED_IN_main.CRB_AuthIN" name="CRB_auth" time="61.638"/>
</testsuite> <!-- nPRICED_IN_main.CRB_AuthIN -->
