<?xml version="1.0" encoding="UTF-8"?>
<!-- Generated by org.testng.reporters.JUnitReportReporter -->
<testsuite hostname="DESKTOP-QURQQ0V" failures="0" tests="1" name="nPRICED_GB_main.SB_AllActions_GB" time="80.093" errors="0" timestamp="2020-03-30T12:56:25 IST" skipped="0">
  <testcase classname="nPRICED_GB_main.SB_AllActions_GB" name="SB_auth" time="80.093"/>
</testsuite> <!-- nPRICED_GB_main.SB_AllActions_GB -->
