<?xml version="1.0" encoding="UTF-8"?>
<!-- Generated by org.testng.reporters.JUnitReportReporter -->
<testsuite hostname="DESKTOP-QURQQ0V" failures="0" tests="2" name="nPRICED_GB_main.PO_AuthorizationGB" time="66.919" errors="0" timestamp="2020-03-30T14:12:26 IST" skipped="0">
  <testcase classname="nPRICED_GB_main.PO_AuthorizationGB" name="PO_Login" time="9.576"/>
  <testcase classname="nPRICED_GB_main.PO_AuthorizationGB" name="authorize_PO" time="57.343"/>
</testsuite> <!-- nPRICED_GB_main.PO_AuthorizationGB -->
