<?xml version="1.0" encoding="UTF-8"?>
<!-- Generated by org.testng.reporters.JUnitReportReporter -->
<testsuite hostname="DESKTOP-QURQQ0V" failures="0" tests="1" name="nPRICED_IN_main.FinalizeResponse_IN" time="78.150" errors="0" timestamp="2020-03-30T13:09:26 IST" skipped="0">
  <testcase classname="nPRICED_IN_main.FinalizeResponse_IN" name="Finalize" time="78.150"/>
</testsuite> <!-- nPRICED_IN_main.FinalizeResponse_IN -->
